2025-06-22 11:09:49,739 - INFO - Configuration loaded - API: https://apps.mediabox.bi:26875
2025-06-22 11:09:52,375 - INFO - System components initialized successfully
2025-06-22 11:09:53,387 - WARNING - API synchronization failed, using local database
2025-06-22 11:09:53,388 - INFO - System startup completed successfully
2025-06-22 11:09:53,390 - INFO - Streaming service started
2025-06-22 11:10:24,280 - INFO - Streaming service stopped
2025-06-22 11:10:24,480 - INFO - System cleanup completed
2025-06-22 11:13:09,123 - INFO - Configuration loaded - API: https://apps.mediabox.bi:26875
2025-06-22 11:13:09,380 - INFO - System components initialized successfully
2025-06-22 11:13:10,274 - WARNING - API synchronization failed, using local database
2025-06-22 11:13:10,274 - INFO - System startup completed successfully
2025-06-22 11:13:10,275 - INFO - Streaming service started
2025-06-22 11:15:49,383 - INFO - Streaming service stopped
2025-06-22 11:15:49,478 - INFO - System cleanup completed
2025-06-22 11:17:22,982 - INFO - Headless mode: All output will be logged to file
2025-06-22 11:17:23,089 - INFO - Configuration loaded - API: https://apps.mediabox.bi:26875
2025-06-22 11:17:23,387 - INFO - System components initialized successfully
2025-06-22 11:17:24,050 - WARNING - API synchronization failed, using local database
2025-06-22 11:17:24,051 - INFO - System startup completed successfully
2025-06-22 11:17:24,052 - INFO - Streaming service started
2025-06-22 11:17:55,849 - INFO - Streaming service stopped
2025-06-22 11:17:55,887 - INFO - System cleanup completed
2025-06-22 11:18:48,185 - INFO - Headless mode: All output will be logged to file
2025-06-22 11:18:48,294 - INFO - Configuration loaded - API: https://apps.mediabox.bi:26875
2025-06-22 11:18:48,559 - INFO - System components initialized successfully
2025-06-22 11:18:49,393 - WARNING - API synchronization failed, using local database
2025-06-22 11:18:49,394 - INFO - System startup completed successfully
2025-06-22 11:18:49,395 - INFO - Streaming service started
2025-06-22 11:28:20,563 - INFO - Configuration loaded - API: https://apps.mediabox.bi:26875
2025-06-22 11:28:20,718 - CRITICAL - Critical system error: Cannot open camera
Traceback (most recent call last):
  File "/home/npc/robotics/mediapipe_lockdoor/version2/main.py", line 214, in main
    door_lock = FaceRecognitionDoorLock(
                ^^^^^^^^^^^^^^^^^^^^^^^^
  File "/home/npc/robotics/mediapipe_lockdoor/version2/face_recognition.py", line 81, in __init__
    raise RuntimeError("Cannot open camera")
RuntimeError: Cannot open camera
2025-06-22 11:28:20,723 - INFO - System cleanup completed
2025-06-22 11:28:41,252 - INFO - Configuration loaded - API: https://apps.mediabox.bi:26875
2025-06-22 11:28:41,505 - INFO - System components initialized successfully
2025-06-22 11:28:42,121 - WARNING - API synchronization failed, using local database
2025-06-22 11:28:42,123 - INFO - System startup completed successfully
2025-06-22 11:28:42,125 - INFO - Streaming service started
2025-06-22 11:28:55,989 - INFO - Streaming service stopped
2025-06-22 11:28:56,099 - INFO - System cleanup completed
2025-06-22 11:29:55,496 - INFO - Configuration loaded - API: https://apps.mediabox.bi:26875
2025-06-22 11:29:55,752 - INFO - System components initialized successfully
2025-06-22 11:29:56,590 - WARNING - API synchronization failed, using local database
2025-06-22 11:29:56,591 - INFO - System startup completed successfully
2025-06-22 11:29:56,592 - INFO - Streaming service started
2025-06-22 11:30:11,400 - WARNING - Timeout error (attempt 1): HTTPSConnectionPool(host='apps.mediabox.bi', port=26875): Read timed out. (read timeout=10.0)
2025-06-22 11:30:12,407 - WARNING - Connection error (attempt 2): HTTPSConnectionPool(host='apps.mediabox.bi', port=26875): Max retries exceeded with url: /administration/streaming/receive_frame (Caused by NameResolutionError("<urllib3.connection.HTTPSConnection object at 0x7bbd75d24a10>: Failed to resolve 'apps.mediabox.bi' ([Errno -3] Temporary failure in name resolution)"))
2025-06-22 11:30:13,414 - WARNING - Connection error (attempt 3): HTTPSConnectionPool(host='apps.mediabox.bi', port=26875): Max retries exceeded with url: /administration/streaming/receive_frame (Caused by NameResolutionError("<urllib3.connection.HTTPSConnection object at 0x7bbd75d0fbc0>: Failed to resolve 'apps.mediabox.bi' ([Errno -3] Temporary failure in name resolution)"))
2025-06-22 11:30:13,417 - WARNING - Connection error (attempt 1): HTTPSConnectionPool(host='apps.mediabox.bi', port=26875): Max retries exceeded with url: /administration/streaming/receive_frame (Caused by NameResolutionError("<urllib3.connection.HTTPSConnection object at 0x7bbd75d267b0>: Failed to resolve 'apps.mediabox.bi' ([Errno -3] Temporary failure in name resolution)"))
2025-06-22 11:30:14,430 - WARNING - Connection error (attempt 2): HTTPSConnectionPool(host='apps.mediabox.bi', port=26875): Max retries exceeded with url: /administration/streaming/receive_frame (Caused by NameResolutionError("<urllib3.connection.HTTPSConnection object at 0x7bbd75d26060>: Failed to resolve 'apps.mediabox.bi' ([Errno -3] Temporary failure in name resolution)"))
2025-06-22 11:30:15,438 - WARNING - Connection error (attempt 3): HTTPSConnectionPool(host='apps.mediabox.bi', port=26875): Max retries exceeded with url: /administration/streaming/receive_frame (Caused by NameResolutionError("<urllib3.connection.HTTPSConnection object at 0x7bbd75d0fce0>: Failed to resolve 'apps.mediabox.bi' ([Errno -3] Temporary failure in name resolution)"))
2025-06-22 11:30:15,555 - WARNING - Connection error (attempt 1): HTTPSConnectionPool(host='apps.mediabox.bi', port=26875): Max retries exceeded with url: /administration/streaming/receive_frame (Caused by NameResolutionError("<urllib3.connection.HTTPSConnection object at 0x7bbd75d25940>: Failed to resolve 'apps.mediabox.bi' ([Errno -3] Temporary failure in name resolution)"))
2025-06-22 11:30:16,572 - WARNING - Connection error (attempt 2): HTTPSConnectionPool(host='apps.mediabox.bi', port=26875): Max retries exceeded with url: /administration/streaming/receive_frame (Caused by NameResolutionError("<urllib3.connection.HTTPSConnection object at 0x7bbd75cdfdd0>: Failed to resolve 'apps.mediabox.bi' ([Errno -3] Temporary failure in name resolution)"))
2025-06-22 11:30:17,585 - WARNING - Connection error (attempt 3): HTTPSConnectionPool(host='apps.mediabox.bi', port=26875): Max retries exceeded with url: /administration/streaming/receive_frame (Caused by NameResolutionError("<urllib3.connection.HTTPSConnection object at 0x7bbd75d26d20>: Failed to resolve 'apps.mediabox.bi' ([Errno -3] Temporary failure in name resolution)"))
2025-06-22 11:30:17,594 - WARNING - Connection error (attempt 1): HTTPSConnectionPool(host='apps.mediabox.bi', port=26875): Max retries exceeded with url: /administration/streaming/receive_frame (Caused by NameResolutionError("<urllib3.connection.HTTPSConnection object at 0x7bbd75d26cc0>: Failed to resolve 'apps.mediabox.bi' ([Errno -3] Temporary failure in name resolution)"))
2025-06-22 11:30:18,598 - WARNING - Connection error (attempt 2): HTTPSConnectionPool(host='apps.mediabox.bi', port=26875): Max retries exceeded with url: /administration/streaming/receive_frame (Caused by NameResolutionError("<urllib3.connection.HTTPSConnection object at 0x7bbd75cdfad0>: Failed to resolve 'apps.mediabox.bi' ([Errno -3] Temporary failure in name resolution)"))
2025-06-22 11:30:19,606 - WARNING - Connection error (attempt 3): HTTPSConnectionPool(host='apps.mediabox.bi', port=26875): Max retries exceeded with url: /administration/streaming/receive_frame (Caused by NameResolutionError("<urllib3.connection.HTTPSConnection object at 0x7bbd75d26cf0>: Failed to resolve 'apps.mediabox.bi' ([Errno -3] Temporary failure in name resolution)"))
2025-06-22 11:30:19,716 - WARNING - Connection error (attempt 1): HTTPSConnectionPool(host='apps.mediabox.bi', port=26875): Max retries exceeded with url: /administration/streaming/receive_frame (Caused by NameResolutionError("<urllib3.connection.HTTPSConnection object at 0x7bbd75d276e0>: Failed to resolve 'apps.mediabox.bi' ([Errno -3] Temporary failure in name resolution)"))
2025-06-22 11:30:20,725 - WARNING - Connection error (attempt 2): HTTPSConnectionPool(host='apps.mediabox.bi', port=26875): Max retries exceeded with url: /administration/streaming/receive_frame (Caused by NameResolutionError("<urllib3.connection.HTTPSConnection object at 0x7bbd75d26c30>: Failed to resolve 'apps.mediabox.bi' ([Errno -3] Temporary failure in name resolution)"))
2025-06-22 11:30:21,742 - WARNING - Connection error (attempt 3): HTTPSConnectionPool(host='apps.mediabox.bi', port=26875): Max retries exceeded with url: /administration/streaming/receive_frame (Caused by NameResolutionError("<urllib3.connection.HTTPSConnection object at 0x7bbd75d0e6f0>: Failed to resolve 'apps.mediabox.bi' ([Errno -3] Temporary failure in name resolution)"))
2025-06-22 11:30:21,753 - WARNING - Connection error (attempt 1): HTTPSConnectionPool(host='apps.mediabox.bi', port=26875): Max retries exceeded with url: /administration/streaming/receive_frame (Caused by NameResolutionError("<urllib3.connection.HTTPSConnection object at 0x7bbd75d276e0>: Failed to resolve 'apps.mediabox.bi' ([Errno -3] Temporary failure in name resolution)"))
2025-06-22 11:30:22,770 - WARNING - Connection error (attempt 2): HTTPSConnectionPool(host='apps.mediabox.bi', port=26875): Max retries exceeded with url: /administration/streaming/receive_frame (Caused by NameResolutionError("<urllib3.connection.HTTPSConnection object at 0x7bbd75d0e750>: Failed to resolve 'apps.mediabox.bi' ([Errno -3] Temporary failure in name resolution)"))
2025-06-22 11:30:23,784 - WARNING - Connection error (attempt 3): HTTPSConnectionPool(host='apps.mediabox.bi', port=26875): Max retries exceeded with url: /administration/streaming/receive_frame (Caused by NameResolutionError("<urllib3.connection.HTTPSConnection object at 0x7bbd75d279e0>: Failed to resolve 'apps.mediabox.bi' ([Errno -3] Temporary failure in name resolution)"))
2025-06-22 11:30:23,893 - WARNING - Connection error (attempt 1): HTTPSConnectionPool(host='apps.mediabox.bi', port=26875): Max retries exceeded with url: /administration/streaming/receive_frame (Caused by NameResolutionError("<urllib3.connection.HTTPSConnection object at 0x7bbd75cde960>: Failed to resolve 'apps.mediabox.bi' ([Errno -3] Temporary failure in name resolution)"))
2025-06-22 11:30:24,899 - WARNING - Connection error (attempt 2): HTTPSConnectionPool(host='apps.mediabox.bi', port=26875): Max retries exceeded with url: /administration/streaming/receive_frame (Caused by NameResolutionError("<urllib3.connection.HTTPSConnection object at 0x7bbd75d25cd0>: Failed to resolve 'apps.mediabox.bi' ([Errno -3] Temporary failure in name resolution)"))
2025-06-22 11:30:25,909 - WARNING - Connection error (attempt 3): HTTPSConnectionPool(host='apps.mediabox.bi', port=26875): Max retries exceeded with url: /administration/streaming/receive_frame (Caused by NameResolutionError("<urllib3.connection.HTTPSConnection object at 0x7bbd75d25af0>: Failed to resolve 'apps.mediabox.bi' ([Errno -3] Temporary failure in name resolution)"))
2025-06-22 11:30:25,917 - WARNING - Connection error (attempt 1): HTTPSConnectionPool(host='apps.mediabox.bi', port=26875): Max retries exceeded with url: /administration/streaming/receive_frame (Caused by NameResolutionError("<urllib3.connection.HTTPSConnection object at 0x7bbd75d262a0>: Failed to resolve 'apps.mediabox.bi' ([Errno -3] Temporary failure in name resolution)"))
2025-06-22 11:30:26,932 - WARNING - Connection error (attempt 2): HTTPSConnectionPool(host='apps.mediabox.bi', port=26875): Max retries exceeded with url: /administration/streaming/receive_frame (Caused by NameResolutionError("<urllib3.connection.HTTPSConnection object at 0x7bbd75d27ec0>: Failed to resolve 'apps.mediabox.bi' ([Errno -3] Temporary failure in name resolution)"))
2025-06-22 11:30:27,948 - WARNING - Connection error (attempt 3): HTTPSConnectionPool(host='apps.mediabox.bi', port=26875): Max retries exceeded with url: /administration/streaming/receive_frame (Caused by NameResolutionError("<urllib3.connection.HTTPSConnection object at 0x7bbd75d24860>: Failed to resolve 'apps.mediabox.bi' ([Errno -3] Temporary failure in name resolution)"))
2025-06-22 11:30:28,054 - WARNING - Connection error (attempt 1): HTTPSConnectionPool(host='apps.mediabox.bi', port=26875): Max retries exceeded with url: /administration/streaming/receive_frame (Caused by NameResolutionError("<urllib3.connection.HTTPSConnection object at 0x7bbd75d24cb0>: Failed to resolve 'apps.mediabox.bi' ([Errno -3] Temporary failure in name resolution)"))
2025-06-22 11:30:29,071 - WARNING - Connection error (attempt 2): HTTPSConnectionPool(host='apps.mediabox.bi', port=26875): Max retries exceeded with url: /administration/streaming/receive_frame (Caused by NameResolutionError("<urllib3.connection.HTTPSConnection object at 0x7bbd75d27590>: Failed to resolve 'apps.mediabox.bi' ([Errno -3] Temporary failure in name resolution)"))
2025-06-22 11:30:30,080 - WARNING - Connection error (attempt 3): HTTPSConnectionPool(host='apps.mediabox.bi', port=26875): Max retries exceeded with url: /administration/streaming/receive_frame (Caused by NameResolutionError("<urllib3.connection.HTTPSConnection object at 0x7bbd76038b60>: Failed to resolve 'apps.mediabox.bi' ([Errno -3] Temporary failure in name resolution)"))
2025-06-22 11:30:30,091 - WARNING - Connection error (attempt 1): HTTPSConnectionPool(host='apps.mediabox.bi', port=26875): Max retries exceeded with url: /administration/streaming/receive_frame (Caused by NameResolutionError("<urllib3.connection.HTTPSConnection object at 0x7bbd75d25430>: Failed to resolve 'apps.mediabox.bi' ([Errno -3] Temporary failure in name resolution)"))
2025-06-22 11:30:31,095 - WARNING - Connection error (attempt 2): HTTPSConnectionPool(host='apps.mediabox.bi', port=26875): Max retries exceeded with url: /administration/streaming/receive_frame (Caused by NameResolutionError("<urllib3.connection.HTTPSConnection object at 0x7bbd75d0d6a0>: Failed to resolve 'apps.mediabox.bi' ([Errno -3] Temporary failure in name resolution)"))
2025-06-22 11:30:32,102 - WARNING - Connection error (attempt 3): HTTPSConnectionPool(host='apps.mediabox.bi', port=26875): Max retries exceeded with url: /administration/streaming/receive_frame (Caused by NameResolutionError("<urllib3.connection.HTTPSConnection object at 0x7bbd75d0d820>: Failed to resolve 'apps.mediabox.bi' ([Errno -3] Temporary failure in name resolution)"))
2025-06-22 11:30:32,214 - WARNING - Connection error (attempt 1): HTTPSConnectionPool(host='apps.mediabox.bi', port=26875): Max retries exceeded with url: /administration/streaming/receive_frame (Caused by NameResolutionError("<urllib3.connection.HTTPSConnection object at 0x7bbd75d24c50>: Failed to resolve 'apps.mediabox.bi' ([Errno -3] Temporary failure in name resolution)"))
2025-06-22 11:30:33,237 - WARNING - Connection error (attempt 2): HTTPSConnectionPool(host='apps.mediabox.bi', port=26875): Max retries exceeded with url: /administration/streaming/receive_frame (Caused by NameResolutionError("<urllib3.connection.HTTPSConnection object at 0x7bbd75d27170>: Failed to resolve 'apps.mediabox.bi' ([Errno -3] Temporary failure in name resolution)"))
2025-06-22 11:30:34,252 - WARNING - Connection error (attempt 3): HTTPSConnectionPool(host='apps.mediabox.bi', port=26875): Max retries exceeded with url: /administration/streaming/receive_frame (Caused by NameResolutionError("<urllib3.connection.HTTPSConnection object at 0x7bbd760908f0>: Failed to resolve 'apps.mediabox.bi' ([Errno -3] Temporary failure in name resolution)"))
2025-06-22 11:30:34,255 - WARNING - Connection error (attempt 1): HTTPSConnectionPool(host='apps.mediabox.bi', port=26875): Max retries exceeded with url: /administration/streaming/receive_frame (Caused by NameResolutionError("<urllib3.connection.HTTPSConnection object at 0x7bbd75cdf770>: Failed to resolve 'apps.mediabox.bi' ([Errno -3] Temporary failure in name resolution)"))
2025-06-22 11:30:35,261 - WARNING - Connection error (attempt 2): HTTPSConnectionPool(host='apps.mediabox.bi', port=26875): Max retries exceeded with url: /administration/streaming/receive_frame (Caused by NameResolutionError("<urllib3.connection.HTTPSConnection object at 0x7bbd76218500>: Failed to resolve 'apps.mediabox.bi' ([Errno -3] Temporary failure in name resolution)"))
2025-06-22 11:30:36,267 - WARNING - Connection error (attempt 3): HTTPSConnectionPool(host='apps.mediabox.bi', port=26875): Max retries exceeded with url: /administration/streaming/receive_frame (Caused by NameResolutionError("<urllib3.connection.HTTPSConnection object at 0x7bbd75d253d0>: Failed to resolve 'apps.mediabox.bi' ([Errno -3] Temporary failure in name resolution)"))
2025-06-22 11:30:36,374 - WARNING - Connection error (attempt 1): HTTPSConnectionPool(host='apps.mediabox.bi', port=26875): Max retries exceeded with url: /administration/streaming/receive_frame (Caused by NameResolutionError("<urllib3.connection.HTTPSConnection object at 0x7bbd75d0ef00>: Failed to resolve 'apps.mediabox.bi' ([Errno -3] Temporary failure in name resolution)"))
2025-06-22 11:30:37,382 - WARNING - Connection error (attempt 2): HTTPSConnectionPool(host='apps.mediabox.bi', port=26875): Max retries exceeded with url: /administration/streaming/receive_frame (Caused by NameResolutionError("<urllib3.connection.HTTPSConnection object at 0x7bbd75f7f8c0>: Failed to resolve 'apps.mediabox.bi' ([Errno -3] Temporary failure in name resolution)"))
2025-06-22 11:30:38,387 - WARNING - Connection error (attempt 3): HTTPSConnectionPool(host='apps.mediabox.bi', port=26875): Max retries exceeded with url: /administration/streaming/receive_frame (Caused by NameResolutionError("<urllib3.connection.HTTPSConnection object at 0x7bbd75d244a0>: Failed to resolve 'apps.mediabox.bi' ([Errno -3] Temporary failure in name resolution)"))
2025-06-22 11:30:38,393 - WARNING - Connection error (attempt 1): HTTPSConnectionPool(host='apps.mediabox.bi', port=26875): Max retries exceeded with url: /administration/streaming/receive_frame (Caused by NameResolutionError("<urllib3.connection.HTTPSConnection object at 0x7bbd75cdfe00>: Failed to resolve 'apps.mediabox.bi' ([Errno -3] Temporary failure in name resolution)"))
2025-06-22 11:30:39,399 - WARNING - Connection error (attempt 2): HTTPSConnectionPool(host='apps.mediabox.bi', port=26875): Max retries exceeded with url: /administration/streaming/receive_frame (Caused by NameResolutionError("<urllib3.connection.HTTPSConnection object at 0x7bbd75d0c710>: Failed to resolve 'apps.mediabox.bi' ([Errno -3] Temporary failure in name resolution)"))
2025-06-22 11:30:40,410 - WARNING - Connection error (attempt 3): HTTPSConnectionPool(host='apps.mediabox.bi', port=26875): Max retries exceeded with url: /administration/streaming/receive_frame (Caused by NameResolutionError("<urllib3.connection.HTTPSConnection object at 0x7bbd75d280e0>: Failed to resolve 'apps.mediabox.bi' ([Errno -3] Temporary failure in name resolution)"))
2025-06-22 11:30:40,518 - WARNING - Connection error (attempt 1): HTTPSConnectionPool(host='apps.mediabox.bi', port=26875): Max retries exceeded with url: /administration/streaming/receive_frame (Caused by NameResolutionError("<urllib3.connection.HTTPSConnection object at 0x7bbd75d0fb30>: Failed to resolve 'apps.mediabox.bi' ([Errno -3] Temporary failure in name resolution)"))
2025-06-22 11:30:41,527 - WARNING - Connection error (attempt 2): HTTPSConnectionPool(host='apps.mediabox.bi', port=26875): Max retries exceeded with url: /administration/streaming/receive_frame (Caused by NameResolutionError("<urllib3.connection.HTTPSConnection object at 0x7bbd75d0e6f0>: Failed to resolve 'apps.mediabox.bi' ([Errno -3] Temporary failure in name resolution)"))
2025-06-22 11:30:42,535 - WARNING - Connection error (attempt 3): HTTPSConnectionPool(host='apps.mediabox.bi', port=26875): Max retries exceeded with url: /administration/streaming/receive_frame (Caused by NameResolutionError("<urllib3.connection.HTTPSConnection object at 0x7bbd75d25790>: Failed to resolve 'apps.mediabox.bi' ([Errno -3] Temporary failure in name resolution)"))
2025-06-22 11:30:42,543 - WARNING - Connection error (attempt 1): HTTPSConnectionPool(host='apps.mediabox.bi', port=26875): Max retries exceeded with url: /administration/streaming/receive_frame (Caused by NameResolutionError("<urllib3.connection.HTTPSConnection object at 0x7bbd75cde990>: Failed to resolve 'apps.mediabox.bi' ([Errno -3] Temporary failure in name resolution)"))
2025-06-22 11:30:43,552 - WARNING - Connection error (attempt 2): HTTPSConnectionPool(host='apps.mediabox.bi', port=26875): Max retries exceeded with url: /administration/streaming/receive_frame (Caused by NameResolutionError("<urllib3.connection.HTTPSConnection object at 0x7bbd75d25ee0>: Failed to resolve 'apps.mediabox.bi' ([Errno -3] Temporary failure in name resolution)"))
2025-06-22 11:30:44,558 - WARNING - Connection error (attempt 3): HTTPSConnectionPool(host='apps.mediabox.bi', port=26875): Max retries exceeded with url: /administration/streaming/receive_frame (Caused by NameResolutionError("<urllib3.connection.HTTPSConnection object at 0x7bbd75d0ddc0>: Failed to resolve 'apps.mediabox.bi' ([Errno -3] Temporary failure in name resolution)"))
2025-06-22 11:30:44,671 - WARNING - Connection error (attempt 1): HTTPSConnectionPool(host='apps.mediabox.bi', port=26875): Max retries exceeded with url: /administration/streaming/receive_frame (Caused by NameResolutionError("<urllib3.connection.HTTPSConnection object at 0x7bbd75d27e30>: Failed to resolve 'apps.mediabox.bi' ([Errno -3] Temporary failure in name resolution)"))
2025-06-22 11:30:45,680 - WARNING - Connection error (attempt 2): HTTPSConnectionPool(host='apps.mediabox.bi', port=26875): Max retries exceeded with url: /administration/streaming/receive_frame (Caused by NameResolutionError("<urllib3.connection.HTTPSConnection object at 0x7bbd75d0d220>: Failed to resolve 'apps.mediabox.bi' ([Errno -3] Temporary failure in name resolution)"))
2025-06-22 11:30:46,698 - WARNING - Connection error (attempt 3): HTTPSConnectionPool(host='apps.mediabox.bi', port=26875): Max retries exceeded with url: /administration/streaming/receive_frame (Caused by NameResolutionError("<urllib3.connection.HTTPSConnection object at 0x7bbd75d26720>: Failed to resolve 'apps.mediabox.bi' ([Errno -3] Temporary failure in name resolution)"))
2025-06-22 11:30:46,713 - WARNING - Connection error (attempt 1): HTTPSConnectionPool(host='apps.mediabox.bi', port=26875): Max retries exceeded with url: /administration/streaming/receive_frame (Caused by NameResolutionError("<urllib3.connection.HTTPSConnection object at 0x7bbd75d0e8a0>: Failed to resolve 'apps.mediabox.bi' ([Errno -3] Temporary failure in name resolution)"))
2025-06-22 11:30:47,726 - WARNING - Connection error (attempt 2): HTTPSConnectionPool(host='apps.mediabox.bi', port=26875): Max retries exceeded with url: /administration/streaming/receive_frame (Caused by NameResolutionError("<urllib3.connection.HTTPSConnection object at 0x7bbd75d256a0>: Failed to resolve 'apps.mediabox.bi' ([Errno -3] Temporary failure in name resolution)"))
2025-06-22 11:30:48,740 - WARNING - Connection error (attempt 3): HTTPSConnectionPool(host='apps.mediabox.bi', port=26875): Max retries exceeded with url: /administration/streaming/receive_frame (Caused by NameResolutionError("<urllib3.connection.HTTPSConnection object at 0x7bbd75d28b00>: Failed to resolve 'apps.mediabox.bi' ([Errno -3] Temporary failure in name resolution)"))
2025-06-22 11:30:48,869 - WARNING - Connection error (attempt 1): HTTPSConnectionPool(host='apps.mediabox.bi', port=26875): Max retries exceeded with url: /administration/streaming/receive_frame (Caused by NameResolutionError("<urllib3.connection.HTTPSConnection object at 0x7bbd75d0e510>: Failed to resolve 'apps.mediabox.bi' ([Errno -3] Temporary failure in name resolution)"))
2025-06-22 11:30:49,910 - WARNING - Connection error (attempt 2): HTTPSConnectionPool(host='apps.mediabox.bi', port=26875): Max retries exceeded with url: /administration/streaming/receive_frame (Caused by NameResolutionError("<urllib3.connection.HTTPSConnection object at 0x7bbd764473e0>: Failed to resolve 'apps.mediabox.bi' ([Errno -3] Temporary failure in name resolution)"))
2025-06-22 11:30:50,921 - WARNING - Connection error (attempt 3): HTTPSConnectionPool(host='apps.mediabox.bi', port=26875): Max retries exceeded with url: /administration/streaming/receive_frame (Caused by NameResolutionError("<urllib3.connection.HTTPSConnection object at 0x7bbd75d0d310>: Failed to resolve 'apps.mediabox.bi' ([Errno -3] Temporary failure in name resolution)"))
2025-06-22 11:30:50,925 - WARNING - Connection error (attempt 1): HTTPSConnectionPool(host='apps.mediabox.bi', port=26875): Max retries exceeded with url: /administration/streaming/receive_frame (Caused by NameResolutionError("<urllib3.connection.HTTPSConnection object at 0x7bbd760908f0>: Failed to resolve 'apps.mediabox.bi' ([Errno -3] Temporary failure in name resolution)"))
2025-06-22 11:30:51,949 - WARNING - Connection error (attempt 2): HTTPSConnectionPool(host='apps.mediabox.bi', port=26875): Max retries exceeded with url: /administration/streaming/receive_frame (Caused by NameResolutionError("<urllib3.connection.HTTPSConnection object at 0x7bbd75d29460>: Failed to resolve 'apps.mediabox.bi' ([Errno -3] Temporary failure in name resolution)"))
2025-06-22 11:30:52,957 - WARNING - Connection error (attempt 3): HTTPSConnectionPool(host='apps.mediabox.bi', port=26875): Max retries exceeded with url: /administration/streaming/receive_frame (Caused by NameResolutionError("<urllib3.connection.HTTPSConnection object at 0x7bbd75d2a7b0>: Failed to resolve 'apps.mediabox.bi' ([Errno -3] Temporary failure in name resolution)"))
2025-06-22 11:30:53,066 - WARNING - Connection error (attempt 1): HTTPSConnectionPool(host='apps.mediabox.bi', port=26875): Max retries exceeded with url: /administration/streaming/receive_frame (Caused by NameResolutionError("<urllib3.connection.HTTPSConnection object at 0x7bbd75d29070>: Failed to resolve 'apps.mediabox.bi' ([Errno -3] Temporary failure in name resolution)"))
2025-06-22 11:30:54,081 - WARNING - Connection error (attempt 2): HTTPSConnectionPool(host='apps.mediabox.bi', port=26875): Max retries exceeded with url: /administration/streaming/receive_frame (Caused by NameResolutionError("<urllib3.connection.HTTPSConnection object at 0x7bbd75d24860>: Failed to resolve 'apps.mediabox.bi' ([Errno -3] Temporary failure in name resolution)"))
2025-06-22 11:30:55,095 - WARNING - Connection error (attempt 3): HTTPSConnectionPool(host='apps.mediabox.bi', port=26875): Max retries exceeded with url: /administration/streaming/receive_frame (Caused by NameResolutionError("<urllib3.connection.HTTPSConnection object at 0x7bbd75d0c0e0>: Failed to resolve 'apps.mediabox.bi' ([Errno -3] Temporary failure in name resolution)"))
2025-06-22 11:30:55,106 - WARNING - Connection error (attempt 1): HTTPSConnectionPool(host='apps.mediabox.bi', port=26875): Max retries exceeded with url: /administration/streaming/receive_frame (Caused by NameResolutionError("<urllib3.connection.HTTPSConnection object at 0x7bbd764d5670>: Failed to resolve 'apps.mediabox.bi' ([Errno -3] Temporary failure in name resolution)"))
2025-06-22 11:30:56,116 - WARNING - Connection error (attempt 2): HTTPSConnectionPool(host='apps.mediabox.bi', port=26875): Max retries exceeded with url: /administration/streaming/receive_frame (Caused by NameResolutionError("<urllib3.connection.HTTPSConnection object at 0x7bbd75d28530>: Failed to resolve 'apps.mediabox.bi' ([Errno -3] Temporary failure in name resolution)"))
2025-06-22 11:30:57,123 - WARNING - Connection error (attempt 3): HTTPSConnectionPool(host='apps.mediabox.bi', port=26875): Max retries exceeded with url: /administration/streaming/receive_frame (Caused by NameResolutionError("<urllib3.connection.HTTPSConnection object at 0x7bbd75d0ec60>: Failed to resolve 'apps.mediabox.bi' ([Errno -3] Temporary failure in name resolution)"))
2025-06-22 11:30:57,233 - WARNING - Connection error (attempt 1): HTTPSConnectionPool(host='apps.mediabox.bi', port=26875): Max retries exceeded with url: /administration/streaming/receive_frame (Caused by NameResolutionError("<urllib3.connection.HTTPSConnection object at 0x7bbd76142960>: Failed to resolve 'apps.mediabox.bi' ([Errno -3] Temporary failure in name resolution)"))
2025-06-22 11:30:58,246 - WARNING - Connection error (attempt 2): HTTPSConnectionPool(host='apps.mediabox.bi', port=26875): Max retries exceeded with url: /administration/streaming/receive_frame (Caused by NameResolutionError("<urllib3.connection.HTTPSConnection object at 0x7bbd75d0e0f0>: Failed to resolve 'apps.mediabox.bi' ([Errno -3] Temporary failure in name resolution)"))
2025-06-22 12:12:58,492 - INFO - Configuration loaded - API: https://apps.mediabox.bi:26875
2025-06-22 12:12:59,457 - INFO - System components initialized successfully
2025-06-22 12:13:00,404 - WARNING - API synchronization failed, using local database
2025-06-22 12:13:00,405 - INFO - System startup completed successfully
2025-06-22 12:13:00,407 - INFO - Streaming service started
2025-06-22 12:18:14,483 - INFO - Streaming service stopped
2025-06-22 12:18:14,588 - INFO - System cleanup completed
2025-06-22 12:19:56,485 - INFO - Configuration loaded - API: https://apps.mediabox.bi:26875
2025-06-22 12:19:57,458 - INFO - System components initialized successfully
2025-06-22 12:19:58,232 - WARNING - API synchronization failed, using local database
2025-06-22 12:19:58,233 - INFO - System startup completed successfully
2025-06-22 12:19:58,234 - INFO - Streaming service started
2025-06-22 12:20:33,003 - INFO - Streaming service stopped
2025-06-22 12:20:35,174 - INFO - System cleanup completed
2025-06-22 12:20:44,018 - INFO - Headless mode: All output will be logged to file
2025-06-22 12:20:44,123 - INFO - Configuration loaded - API: https://apps.mediabox.bi:26875
2025-06-22 12:20:45,008 - INFO - System components initialized successfully
2025-06-22 12:20:45,664 - WARNING - API synchronization failed, using local database
2025-06-22 12:20:45,666 - INFO - System startup completed successfully
2025-06-22 12:20:45,667 - INFO - Streaming service started
2025-06-22 12:23:26,181 - INFO - Streaming service stopped
2025-06-22 12:23:28,339 - INFO - System cleanup completed
2025-06-22 12:23:35,664 - INFO - Configuration loaded - API: https://apps.mediabox.bi:26875
2025-06-22 12:23:36,583 - INFO - System components initialized successfully
2025-06-22 12:23:37,183 - WARNING - API synchronization failed, using local database
2025-06-22 12:23:37,184 - INFO - System startup completed successfully
2025-06-22 12:23:37,185 - INFO - Streaming service started
2025-06-22 12:31:11,608 - INFO - Streaming service stopped
2025-06-22 12:31:13,772 - INFO - System cleanup completed
2025-06-22 12:38:28,040 - INFO - Configuration loaded - API: https://apps.mediabox.bi:26875
2025-06-22 12:38:28,912 - INFO - System components initialized successfully
2025-06-22 12:38:29,667 - WARNING - API synchronization failed, using local database
2025-06-22 12:38:29,668 - INFO - System startup completed successfully
2025-06-22 12:38:29,669 - INFO - Streaming service started
2025-06-22 12:39:01,759 - INFO - Streaming service stopped
2025-06-22 12:39:03,912 - INFO - System cleanup completed
2025-06-22 12:40:06,227 - INFO - Configuration loaded - API: https://apps.mediabox.bi:26875
2025-06-22 12:40:07,114 - INFO - System components initialized successfully
2025-06-22 12:40:07,825 - WARNING - API synchronization failed, using local database
2025-06-22 12:40:07,826 - INFO - System startup completed successfully
2025-06-22 12:40:07,827 - INFO - Streaming service started
2025-06-22 12:40:36,639 - WARNING - Timeout error (attempt 1): HTTPSConnectionPool(host='apps.mediabox.bi', port=26875): Read timed out. (read timeout=10.0)
2025-06-22 12:40:37,661 - WARNING - Connection error (attempt 2): HTTPSConnectionPool(host='apps.mediabox.bi', port=26875): Max retries exceeded with url: /administration/streaming/receive_frame (Caused by NameResolutionError("<urllib3.connection.HTTPSConnection object at 0x7785f4b45eb0>: Failed to resolve 'apps.mediabox.bi' ([Errno -3] Temporary failure in name resolution)"))
2025-06-22 12:40:38,672 - WARNING - Connection error (attempt 3): HTTPSConnectionPool(host='apps.mediabox.bi', port=26875): Max retries exceeded with url: /administration/streaming/receive_frame (Caused by NameResolutionError("<urllib3.connection.HTTPSConnection object at 0x7785f4b0b320>: Failed to resolve 'apps.mediabox.bi' ([Errno -3] Temporary failure in name resolution)"))
2025-06-22 12:40:38,793 - WARNING - Connection error (attempt 1): HTTPSConnectionPool(host='apps.mediabox.bi', port=26875): Max retries exceeded with url: /administration/streaming/receive_frame (Caused by NameResolutionError("<urllib3.connection.HTTPSConnection object at 0x7785f4e05d30>: Failed to resolve 'apps.mediabox.bi' ([Errno -3] Temporary failure in name resolution)"))
2025-06-22 12:40:39,812 - WARNING - Connection error (attempt 2): HTTPSConnectionPool(host='apps.mediabox.bi', port=26875): Max retries exceeded with url: /administration/streaming/receive_frame (Caused by NameResolutionError("<urllib3.connection.HTTPSConnection object at 0x7785f4b45010>: Failed to resolve 'apps.mediabox.bi' ([Errno -3] Temporary failure in name resolution)"))
2025-06-22 12:40:40,816 - WARNING - Connection error (attempt 3): HTTPSConnectionPool(host='apps.mediabox.bi', port=26875): Max retries exceeded with url: /administration/streaming/receive_frame (Caused by NameResolutionError("<urllib3.connection.HTTPSConnection object at 0x7785f4b44b90>: Failed to resolve 'apps.mediabox.bi' ([Errno -3] Temporary failure in name resolution)"))
2025-06-22 12:40:40,819 - WARNING - Connection error (attempt 1): HTTPSConnectionPool(host='apps.mediabox.bi', port=26875): Max retries exceeded with url: /administration/streaming/receive_frame (Caused by NameResolutionError("<urllib3.connection.HTTPSConnection object at 0x7785f4b093a0>: Failed to resolve 'apps.mediabox.bi' ([Errno -3] Temporary failure in name resolution)"))
2025-06-22 12:40:41,823 - WARNING - Connection error (attempt 2): HTTPSConnectionPool(host='apps.mediabox.bi', port=26875): Max retries exceeded with url: /administration/streaming/receive_frame (Caused by NameResolutionError("<urllib3.connection.HTTPSConnection object at 0x7785f4b29670>: Failed to resolve 'apps.mediabox.bi' ([Errno -3] Temporary failure in name resolution)"))
2025-06-22 12:40:42,826 - WARNING - Connection error (attempt 3): HTTPSConnectionPool(host='apps.mediabox.bi', port=26875): Max retries exceeded with url: /administration/streaming/receive_frame (Caused by NameResolutionError("<urllib3.connection.HTTPSConnection object at 0x7785f4b0bfe0>: Failed to resolve 'apps.mediabox.bi' ([Errno -3] Temporary failure in name resolution)"))
2025-06-22 12:40:42,936 - WARNING - Connection error (attempt 1): HTTPSConnectionPool(host='apps.mediabox.bi', port=26875): Max retries exceeded with url: /administration/streaming/receive_frame (Caused by NameResolutionError("<urllib3.connection.HTTPSConnection object at 0x7785f4b08f80>: Failed to resolve 'apps.mediabox.bi' ([Errno -3] Temporary failure in name resolution)"))
2025-06-22 12:40:43,944 - WARNING - Connection error (attempt 2): HTTPSConnectionPool(host='apps.mediabox.bi', port=26875): Max retries exceeded with url: /administration/streaming/receive_frame (Caused by NameResolutionError("<urllib3.connection.HTTPSConnection object at 0x7785f4b2a4e0>: Failed to resolve 'apps.mediabox.bi' ([Errno -3] Temporary failure in name resolution)"))
2025-06-22 12:40:44,948 - WARNING - Connection error (attempt 3): HTTPSConnectionPool(host='apps.mediabox.bi', port=26875): Max retries exceeded with url: /administration/streaming/receive_frame (Caused by NameResolutionError("<urllib3.connection.HTTPSConnection object at 0x7785f4b2a4b0>: Failed to resolve 'apps.mediabox.bi' ([Errno -3] Temporary failure in name resolution)"))
2025-06-22 12:40:44,951 - WARNING - Connection error (attempt 1): HTTPSConnectionPool(host='apps.mediabox.bi', port=26875): Max retries exceeded with url: /administration/streaming/receive_frame (Caused by NameResolutionError("<urllib3.connection.HTTPSConnection object at 0x7785f4b2b980>: Failed to resolve 'apps.mediabox.bi' ([Errno -3] Temporary failure in name resolution)"))
2025-06-22 12:40:45,955 - WARNING - Connection error (attempt 2): HTTPSConnectionPool(host='apps.mediabox.bi', port=26875): Max retries exceeded with url: /administration/streaming/receive_frame (Caused by NameResolutionError("<urllib3.connection.HTTPSConnection object at 0x7785f4b0a120>: Failed to resolve 'apps.mediabox.bi' ([Errno -3] Temporary failure in name resolution)"))
2025-06-22 12:40:46,964 - WARNING - Connection error (attempt 3): HTTPSConnectionPool(host='apps.mediabox.bi', port=26875): Max retries exceeded with url: /administration/streaming/receive_frame (Caused by NameResolutionError("<urllib3.connection.HTTPSConnection object at 0x7785f4b08b30>: Failed to resolve 'apps.mediabox.bi' ([Errno -3] Temporary failure in name resolution)"))
2025-06-22 12:40:47,073 - WARNING - Connection error (attempt 1): HTTPSConnectionPool(host='apps.mediabox.bi', port=26875): Max retries exceeded with url: /administration/streaming/receive_frame (Caused by NameResolutionError("<urllib3.connection.HTTPSConnection object at 0x7785f4b46d80>: Failed to resolve 'apps.mediabox.bi' ([Errno -3] Temporary failure in name resolution)"))
2025-06-22 12:40:48,083 - WARNING - Connection error (attempt 2): HTTPSConnectionPool(host='apps.mediabox.bi', port=26875): Max retries exceeded with url: /administration/streaming/receive_frame (Caused by NameResolutionError("<urllib3.connection.HTTPSConnection object at 0x7785f4b47290>: Failed to resolve 'apps.mediabox.bi' ([Errno -3] Temporary failure in name resolution)"))
2025-06-22 12:40:49,089 - WARNING - Connection error (attempt 3): HTTPSConnectionPool(host='apps.mediabox.bi', port=26875): Max retries exceeded with url: /administration/streaming/receive_frame (Caused by NameResolutionError("<urllib3.connection.HTTPSConnection object at 0x7785f4b44950>: Failed to resolve 'apps.mediabox.bi' ([Errno -3] Temporary failure in name resolution)"))
2025-06-22 12:40:49,100 - WARNING - Connection error (attempt 1): HTTPSConnectionPool(host='apps.mediabox.bi', port=26875): Max retries exceeded with url: /administration/streaming/receive_frame (Caused by NameResolutionError("<urllib3.connection.HTTPSConnection object at 0x7785f4b465d0>: Failed to resolve 'apps.mediabox.bi' ([Errno -3] Temporary failure in name resolution)"))
2025-06-22 12:40:50,105 - WARNING - Connection error (attempt 2): HTTPSConnectionPool(host='apps.mediabox.bi', port=26875): Max retries exceeded with url: /administration/streaming/receive_frame (Caused by NameResolutionError("<urllib3.connection.HTTPSConnection object at 0x7785f4b48890>: Failed to resolve 'apps.mediabox.bi' ([Errno -3] Temporary failure in name resolution)"))
2025-06-22 12:40:51,112 - WARNING - Connection error (attempt 3): HTTPSConnectionPool(host='apps.mediabox.bi', port=26875): Max retries exceeded with url: /administration/streaming/receive_frame (Caused by NameResolutionError("<urllib3.connection.HTTPSConnection object at 0x7785f4b495e0>: Failed to resolve 'apps.mediabox.bi' ([Errno -3] Temporary failure in name resolution)"))
2025-06-22 12:40:51,225 - WARNING - Connection error (attempt 1): HTTPSConnectionPool(host='apps.mediabox.bi', port=26875): Max retries exceeded with url: /administration/streaming/receive_frame (Caused by NameResolutionError("<urllib3.connection.HTTPSConnection object at 0x7785f4b29370>: Failed to resolve 'apps.mediabox.bi' ([Errno -3] Temporary failure in name resolution)"))
2025-06-22 12:40:52,233 - WARNING - Connection error (attempt 2): HTTPSConnectionPool(host='apps.mediabox.bi', port=26875): Max retries exceeded with url: /administration/streaming/receive_frame (Caused by NameResolutionError("<urllib3.connection.HTTPSConnection object at 0x7785f4b46120>: Failed to resolve 'apps.mediabox.bi' ([Errno -3] Temporary failure in name resolution)"))
2025-06-22 12:40:53,237 - WARNING - Connection error (attempt 3): HTTPSConnectionPool(host='apps.mediabox.bi', port=26875): Max retries exceeded with url: /administration/streaming/receive_frame (Caused by NameResolutionError("<urllib3.connection.HTTPSConnection object at 0x7785f4b29670>: Failed to resolve 'apps.mediabox.bi' ([Errno -3] Temporary failure in name resolution)"))
2025-06-22 12:40:53,243 - WARNING - Connection error (attempt 1): HTTPSConnectionPool(host='apps.mediabox.bi', port=26875): Max retries exceeded with url: /administration/streaming/receive_frame (Caused by NameResolutionError("<urllib3.connection.HTTPSConnection object at 0x7785f4aeb8f0>: Failed to resolve 'apps.mediabox.bi' ([Errno -3] Temporary failure in name resolution)"))
2025-06-22 12:40:54,246 - WARNING - Connection error (attempt 2): HTTPSConnectionPool(host='apps.mediabox.bi', port=26875): Max retries exceeded with url: /administration/streaming/receive_frame (Caused by NameResolutionError("<urllib3.connection.HTTPSConnection object at 0x7785f4b2b140>: Failed to resolve 'apps.mediabox.bi' ([Errno -3] Temporary failure in name resolution)"))
2025-06-22 12:40:55,251 - WARNING - Connection error (attempt 3): HTTPSConnectionPool(host='apps.mediabox.bi', port=26875): Max retries exceeded with url: /administration/streaming/receive_frame (Caused by NameResolutionError("<urllib3.connection.HTTPSConnection object at 0x7785f4b47b60>: Failed to resolve 'apps.mediabox.bi' ([Errno -3] Temporary failure in name resolution)"))
2025-06-22 12:40:55,356 - WARNING - Connection error (attempt 1): HTTPSConnectionPool(host='apps.mediabox.bi', port=26875): Max retries exceeded with url: /administration/streaming/receive_frame (Caused by NameResolutionError("<urllib3.connection.HTTPSConnection object at 0x7785f4b4a300>: Failed to resolve 'apps.mediabox.bi' ([Errno -3] Temporary failure in name resolution)"))
2025-06-22 12:40:56,373 - WARNING - Connection error (attempt 2): HTTPSConnectionPool(host='apps.mediabox.bi', port=26875): Max retries exceeded with url: /administration/streaming/receive_frame (Caused by NameResolutionError("<urllib3.connection.HTTPSConnection object at 0x7785f4b46bd0>: Failed to resolve 'apps.mediabox.bi' ([Errno -3] Temporary failure in name resolution)"))
2025-06-22 12:40:57,381 - WARNING - Connection error (attempt 3): HTTPSConnectionPool(host='apps.mediabox.bi', port=26875): Max retries exceeded with url: /administration/streaming/receive_frame (Caused by NameResolutionError("<urllib3.connection.HTTPSConnection object at 0x7785f4b48c20>: Failed to resolve 'apps.mediabox.bi' ([Errno -3] Temporary failure in name resolution)"))
2025-06-22 12:40:57,386 - WARNING - Connection error (attempt 1): HTTPSConnectionPool(host='apps.mediabox.bi', port=26875): Max retries exceeded with url: /administration/streaming/receive_frame (Caused by NameResolutionError("<urllib3.connection.HTTPSConnection object at 0x7785f4b29f10>: Failed to resolve 'apps.mediabox.bi' ([Errno -3] Temporary failure in name resolution)"))
2025-06-22 12:40:58,393 - WARNING - Connection error (attempt 2): HTTPSConnectionPool(host='apps.mediabox.bi', port=26875): Max retries exceeded with url: /administration/streaming/receive_frame (Caused by NameResolutionError("<urllib3.connection.HTTPSConnection object at 0x7785f4b29670>: Failed to resolve 'apps.mediabox.bi' ([Errno -3] Temporary failure in name resolution)"))
2025-06-22 12:42:28,031 - INFO - Streaming service stopped
2025-06-22 12:42:30,232 - INFO - System cleanup completed
2025-06-22 12:42:53,349 - INFO - Headless mode: All output will be logged to file
2025-06-22 12:42:53,455 - INFO - Configuration loaded - API: https://apps.mediabox.bi:26875
2025-06-22 12:42:54,322 - INFO - System components initialized successfully
2025-06-22 12:42:55,020 - WARNING - API synchronization failed, using local database
2025-06-22 12:42:55,020 - INFO - System startup completed successfully
2025-06-22 12:42:55,021 - INFO - Streaming service started
2025-06-22 12:43:52,160 - INFO - Streaming service stopped
2025-06-22 12:43:54,311 - INFO - System cleanup completed
2025-06-22 12:44:05,507 - INFO - Headless mode: All output will be logged to file
2025-06-22 12:44:05,634 - INFO - Configuration loaded - API: https://apps.mediabox.bi:26875
2025-06-22 12:44:06,512 - INFO - System components initialized successfully
2025-06-22 12:44:07,175 - WARNING - API synchronization failed, using local database
2025-06-22 12:44:07,176 - INFO - System startup completed successfully
2025-06-22 12:44:07,179 - INFO - Streaming service started
2025-06-22 12:44:44,530 - INFO - Streaming service stopped
2025-06-22 12:44:46,698 - INFO - System cleanup completed
2025-06-22 12:44:50,764 - INFO - Headless mode: All output will be logged to file
2025-06-22 12:44:50,867 - INFO - Configuration loaded - API: https://apps.mediabox.bi:26875
2025-06-22 12:44:51,763 - INFO - System components initialized successfully
2025-06-22 12:44:52,434 - WARNING - API synchronization failed, using local database
2025-06-22 12:44:52,436 - INFO - System startup completed successfully
2025-06-22 12:44:52,437 - INFO - Streaming service started
2025-06-22 12:45:09,837 - INFO - Streaming service stopped
2025-06-22 12:45:11,997 - INFO - System cleanup completed
2025-06-22 12:49:17,604 - INFO - Headless mode: All output will be logged to file
2025-06-22 12:49:17,789 - INFO - Configuration loaded - API: https://apps.mediabox.bi:26875
2025-06-22 12:49:18,681 - INFO - System components initialized successfully
2025-06-22 12:49:19,260 - WARNING - API synchronization failed, using local database
2025-06-22 12:49:19,261 - INFO - System startup completed successfully
2025-06-22 12:49:19,261 - INFO - Streaming service started
2025-06-22 12:49:36,950 - WARNING - Connection error (attempt 1): ('Connection aborted.', RemoteDisconnected('Remote end closed connection without response'))
2025-06-22 12:51:11,190 - INFO - Streaming service stopped
2025-06-22 12:51:13,363 - INFO - System cleanup completed
2025-06-22 12:51:54,739 - INFO - Headless mode: All output will be logged to file
2025-06-22 12:51:54,844 - INFO - Configuration loaded - API: https://apps.mediabox.bi:26875
2025-06-22 12:51:55,723 - INFO - System components initialized successfully
2025-06-22 12:51:56,375 - WARNING - API synchronization failed, using local database
2025-06-22 12:51:56,376 - INFO - System startup completed successfully
2025-06-22 12:51:56,378 - INFO - Streaming service started
2025-06-22 12:52:12,647 - INFO - Streaming service stopped
2025-06-22 12:52:14,820 - INFO - System cleanup completed
2025-06-22 12:52:45,079 - INFO - Headless mode: All output will be logged to file
2025-06-22 12:52:45,184 - INFO - Configuration loaded - API: https://apps.mediabox.bi:26875
2025-06-22 12:52:46,070 - INFO - System components initialized successfully
2025-06-22 12:52:46,706 - WARNING - API synchronization failed, using local database
2025-06-22 12:52:46,706 - INFO - System startup completed successfully
2025-06-22 12:52:46,708 - INFO - Streaming service started
2025-06-22 12:53:00,920 - INFO - Streaming service stopped
2025-06-22 12:53:03,095 - INFO - System cleanup completed
2025-06-22 12:54:10,374 - INFO - Headless mode: All output will be logged to file
2025-06-22 12:54:10,481 - INFO - Configuration loaded - API: https://apps.mediabox.bi:26875
2025-06-22 12:54:11,341 - INFO - System components initialized successfully
2025-06-22 12:54:12,048 - WARNING - API synchronization failed, using local database
2025-06-22 12:54:12,049 - INFO - System startup completed successfully
2025-06-22 12:54:12,050 - INFO - Streaming service started
2025-06-22 12:54:24,436 - INFO - Streaming service stopped
2025-06-22 12:54:26,583 - INFO - System cleanup completed
2025-06-22 12:54:34,574 - INFO - Configuration loaded - API: https://apps.mediabox.bi:26875
2025-06-22 12:54:35,458 - INFO - System components initialized successfully
2025-06-22 12:54:36,137 - WARNING - API synchronization failed, using local database
2025-06-22 12:54:36,139 - INFO - System startup completed successfully
2025-06-22 12:54:36,139 - INFO - Streaming service started
2025-06-22 12:54:47,388 - INFO - Streaming service stopped
2025-06-22 12:54:49,676 - INFO - System cleanup completed
2025-06-22 13:04:27,381 - INFO - Configuration loaded - API: https://apps.mediabox.bi:26875
2025-06-22 13:04:28,271 - INFO - System components initialized successfully
2025-06-22 13:04:29,100 - WARNING - API synchronization failed, using local database
2025-06-22 13:04:29,101 - INFO - System startup completed successfully
2025-06-22 13:04:29,102 - INFO - Streaming service started
2025-06-22 13:05:28,369 - INFO - Streaming service stopped
2025-06-22 13:05:30,555 - INFO - System cleanup completed
2025-06-22 13:09:45,385 - INFO - Configuration loaded - API: https://apps.mediabox.bi:26875
2025-06-22 13:09:46,264 - INFO - System components initialized successfully
2025-06-22 13:09:46,853 - WARNING - API synchronization failed, using local database
2025-06-22 13:09:46,854 - INFO - System startup completed successfully
2025-06-22 13:09:46,855 - INFO - Streaming service started
2025-06-22 13:10:28,771 - INFO - Streaming service stopped
2025-06-22 13:10:30,945 - INFO - System cleanup completed
2025-06-22 13:12:52,451 - INFO - Configuration loaded - API: https://apps.mediabox.bi:26875
2025-06-22 13:12:53,312 - INFO - System components initialized successfully
2025-06-22 13:12:54,100 - WARNING - API synchronization failed, using local database
2025-06-22 13:12:54,102 - INFO - System startup completed successfully
2025-06-22 13:12:54,103 - INFO - Streaming service started
2025-06-22 13:13:26,669 - INFO - Streaming service stopped
2025-06-22 13:13:28,844 - INFO - System cleanup completed
